<?xml version="1.0" encoding="UTF-8"?>
<!-- Generated by org.testng.reporters.JUnitReportReporter -->
<testsuite hostname="DESKTOP-N2BC1MI" failures="0" tests="1" name="testng.FirstTestNgWebScript" time="25.993" errors="0" timestamp="21 Sep 2022 09:03:08 GMT" skipped="0">
  <testcase classname="testng.FirstTestNgWebScript" name="testCase1" time="25.993"/>
</testsuite> <!-- testng.FirstTestNgWebScript -->
