<?xml version="1.0" encoding="UTF-8"?>
<!-- Generated by org.testng.reporters.JUnitReportReporter -->
<testsuite hostname="DESKTOP-N2BC1MI" failures="0" tests="2" name="Assignment15.VtigerTestng" time="14.860" errors="0" timestamp="05 Oct 2022 17:14:57 GMT" skipped="0">
  <testcase classname="Assignment15.VtigerTestng" name="menu" time="8.804"/>
  <testcase classname="Assignment15.VtigerTestng" name="leads" time="6.056"/>
</testsuite> <!-- Assignment15.VtigerTestng -->
