<?xml version="1.0" encoding="UTF-8"?>
<!-- Generated by org.testng.reporters.JUnitReportReporter -->
<testsuite hostname="DESKTOP-N2BC1MI" failures="0" tests="7" name="Assignment15.OrangeHrmTestng" time="41.050" errors="0" timestamp="05 Oct 2022 08:39:34 GMT" skipped="0">
  <testcase classname="Assignment15.OrangeHrmTestng" name="login" time="4.629"/>
  <testcase classname="Assignment15.OrangeHrmTestng" name="pim" time="14.173"/>
  <testcase classname="Assignment15.OrangeHrmTestng" name="dynamicTable" time="10.125"/>
  <testcase classname="Assignment15.OrangeHrmTestng" name="editprofile" time="2.500"/>
  <testcase classname="Assignment15.OrangeHrmTestng" name="searchProfile" time="7.448"/>
  <testcase classname="Assignment15.OrangeHrmTestng" name="pageDown" time="0.662"/>
  <testcase classname="Assignment15.OrangeHrmTestng" name="checkBox" time="1.513"/>
</testsuite> <!-- Assignment15.OrangeHrmTestng -->
