<?xml version="1.0" encoding="UTF-8"?>
<!-- Generated by org.testng.reporters.JUnitReportReporter -->
<testsuite hostname="DESKTOP-N2BC1MI" failures="0" tests="4" name="testng.ExcelReading" time="2.941" errors="0" timestamp="22 Sep 2022 09:11:35 GMT" skipped="0">
  <testcase classname="testng.ExcelReading" name="readSheetDetails" time="0.258"/>
  <testcase classname="testng.ExcelReading" name="getRowDetails" time="0.391"/>
  <testcase classname="testng.ExcelReading" name="getCellDetails" time="2.006"/>
  <testcase classname="testng.ExcelReading" name="getDiffTypeOfCellData" time="0.286"/>
</testsuite> <!-- testng.ExcelReading -->
