<?xml version="1.0" encoding="UTF-8"?>
<!-- Generated by org.testng.reporters.JUnitReportReporter -->
<testsuite hostname="DESKTOP-N2BC1MI" failures="0" tests="4" name="testng.JavaFile" time="0.227" errors="0" timestamp="20 Sep 2022 10:47:56 GMT" skipped="0">
  <testcase classname="testng.JavaFile" name="signup" time="0.045"/>
  <testcase classname="testng.JavaFile" name="login" time="0.162"/>
  <testcase classname="testng.JavaFile" name="compose" time="0.013"/>
  <testcase classname="testng.JavaFile" name="Example" time="0.007"/>
</testsuite> <!-- testng.JavaFile -->
