<?xml version="1.0" encoding="UTF-8"?>
<!-- Generated by org.testng.reporters.JUnitReportReporter -->
<testsuite hostname="DESKTOP-N2BC1MI" failures="0" tests="1" name="testng.VtigerExcel" time="18.084" errors="0" timestamp="27 Sep 2022 09:01:43 GMT" skipped="0">
  <testcase classname="testng.VtigerExcel" name="Vtigerlogin" time="18.084"/>
</testsuite> <!-- testng.VtigerExcel -->
