<?xml version="1.0" encoding="UTF-8"?>
<!-- Generated by org.testng.reporters.JUnitReportReporter -->
<testsuite hostname="DESKTOP-N2BC1MI" failures="0" tests="1" name="testng.ActitimeLogin" time="43.424" errors="0" timestamp="26 Sep 2022 16:46:31 GMT" skipped="0">
  <testcase classname="testng.ActitimeLogin" name="actitimeLogin" time="43.424"/>
</testsuite> <!-- testng.ActitimeLogin -->
