<?xml version="1.0" encoding="UTF-8"?>
<!-- Generated by org.testng.reporters.JUnitReportReporter -->
<testsuite hostname="DESKTOP-N2BC1MI" failures="0" tests="4" name="testng.Example2" time="0.014" errors="0" timestamp="21 Sep 2022 09:03:08 GMT" skipped="0">
  <testcase classname="testng.Example2" name="testcase1" time="0.003"/>
  <testcase classname="testng.Example2" name="testcase3" time="0.002"/>
  <testcase classname="testng.Example2" name="testcase4" time="0.002"/>
  <testcase classname="testng.Example2" name="testcase2" time="0.007"/>
</testsuite> <!-- testng.Example2 -->
