<?xml version="1.0" encoding="UTF-8"?>
<!-- Generated by org.testng.reporters.JUnitReportReporter -->
<testsuite hostname="DESKTOP-N2BC1MI" failures="0" tests="1" name="testng.Example1" time="0.017" errors="0" timestamp="21 Sep 2022 09:03:08 GMT" skipped="0">
  <testcase classname="testng.Example1" name="example" time="0.017"/>
</testsuite> <!-- testng.Example1 -->
